Using pre-set license
Built from '2020.2/release' branch; Version is '2020.2.0f1 (3721df5a8b28) revision 3613151'; Using compiler version '192528614'; Build Type 'Release'
OS: 'Windows 10  (10.0.0) 64bit' Language: 'en' Physical Memory: 32717 MB
BatchMode: 1, IsHumanControllingUs: 0, StartBugReporterOnCrash: 0, Is64bit: 1, IsPro: 0

 COMMAND LINE ARGUMENTS:
C:\Program Files\Unity\Hub\Editor\2020.2.0f1\Editor\Unity.exe
-adb2
-batchMode
-noUpm
-name
AssetImportWorker0
-projectPath
C:/Users/couvr/Documents/GitHub/Shader test
-logFile
Logs/AssetImportWorker0.log
-srvPort
50051
Successfully changed project path to: C:/Users/couvr/Documents/GitHub/Shader test
C:/Users/couvr/Documents/GitHub/Shader test
Using Asset Import Pipeline V2.
Refreshing native plugins compatible for Editor in 39.03 ms, found 0 plugins.
Preloading 0 native plugins for Editor in 0.00 ms.
Initialize engine version: 2020.2.0f1 (3721df5a8b28)
[Subsystems] Discovering subsystems at path C:/Program Files/Unity/Hub/Editor/2020.2.0f1/Editor/Data/Resources/UnitySubsystems
[Subsystems] Discovering subsystems at path C:/Users/couvr/Documents/GitHub/Shader test/Assets
GfxDevice: creating device client; threaded=0
Direct3D:
    Version:  Direct3D 11.0 [level 11.1]
    Renderer: NVIDIA GeForce GTX 1080 with Max-Q Design (ID=0x1be0)
    Vendor:   
    VRAM:     8105 MB
    Driver:   22.21.13.8290
Initialize mono
Mono path[0] = 'C:/Program Files/Unity/Hub/Editor/2020.2.0f1/Editor/Data/Managed'
Mono path[1] = 'C:/Program Files/Unity/Hub/Editor/2020.2.0f1/Editor/Data/MonoBleedingEdge/lib/mono/unityjit'
Mono config path = 'C:/Program Files/Unity/Hub/Editor/2020.2.0f1/Editor/Data/MonoBleedingEdge/etc'
Using monoOptions --debugger-agent=transport=dt_socket,embedding=1,server=y,suspend=n,address=127.0.0.1:56100
Begin MonoManager ReloadAssembly
Registering precompiled unity dll's ...
Register platform support module: C:/Program Files/Unity/Hub/Editor/2020.2.0f1/Editor/Data/PlaybackEngines/WebGLSupport/UnityEditor.WebGL.Extensions.dll
Register platform support module: C:/Program Files/Unity/Hub/Editor/2020.2.0f1/Editor/Data/PlaybackEngines/WindowsStandaloneSupport/UnityEditor.WindowsStandalone.Extensions.dll
Registered in 0.002388 seconds.
Native extension for WindowsStandalone target not found
Native extension for WebGL target not found
Refreshing native plugins compatible for Editor in 29.91 ms, found 0 plugins.
Preloading 0 native plugins for Editor in 0.00 ms.
Invoked RoslynAnalysisRunner static constructor.
RoslynAnalysisRunner will not be running.
RoslynAnalysisRunner has terminated.
Mono: successfully reloaded assembly
- Completed reload, in  2.359 seconds
Platform modules already initialized, skipping
Registering precompiled user dll's ...
Registered in 0.000820 seconds.
Begin MonoManager ReloadAssembly
Native extension for WindowsStandalone target not found
Native extension for WebGL target not found
Refreshing native plugins compatible for Editor in 0.19 ms, found 0 plugins.
Preloading 0 native plugins for Editor in 0.00 ms.
Invoked RoslynAnalysisRunner static constructor.
RoslynAnalysisRunner will not be running.
RoslynAnalysisRunner has terminated.
Mono: successfully reloaded assembly
- Completed reload, in  1.030 seconds
Platform modules already initialized, skipping
========================================================================
Worker process is ready to serve import requests
Launched and connected shader compiler UnityShaderCompiler.exe after 0.03 seconds
Refreshing native plugins compatible for Editor in 0.31 ms, found 0 plugins.
Preloading 0 native plugins for Editor in 0.00 ms.
Unloading 1095 Unused Serialized files (Serialized files now loaded: 0)
System memory in use before: 56.0 MB.
System memory in use after: 56.0 MB.

Unloading 10 unused Assets to reduce memory usage. Loaded Objects now: 1534.
Total: 3.238800 ms (FindLiveObjects: 0.466900 ms CreateObjectMapping: 0.193500 ms MarkObjects: 2.456500 ms  DeleteObjects: 0.100600 ms)

========================================================================
Received Import Request.
  path: Assets/NewUnlitShader.shader
  artifactKey: Guid(403cc7072cf5a5b4584e77b124d3ac4e) Importer(815301076,1909f56bfc062723c751e8b465ee728b)
Start importing Assets/NewUnlitShader.shader using Guid(403cc7072cf5a5b4584e77b124d3ac4e) Importer(815301076,1909f56bfc062723c751e8b465ee728b)  -> (artifact id: '45ce08438a21afed5b0e793c10d3b950') in 0.043757 seconds
  Import took 0.045897 seconds .

========================================================================
Received Import Request.
  Time since last request: 37.766631 seconds.
  path: Assets/Shader1.shader
  artifactKey: Guid(403cc7072cf5a5b4584e77b124d3ac4e) Importer(815301076,1909f56bfc062723c751e8b465ee728b)
Start importing Assets/Shader1.shader using Guid(403cc7072cf5a5b4584e77b124d3ac4e) Importer(815301076,1909f56bfc062723c751e8b465ee728b)  -> (artifact id: '86b842ce9c0ea25159c46fbe68f5578f') in 0.010275 seconds
  Import took 0.012748 seconds .

========================================================================
Received Import Request.
  Time since last request: 2684.614968 seconds.
  path: Assets/Shader1.shader
  artifactKey: Guid(403cc7072cf5a5b4584e77b124d3ac4e) Importer(815301076,1909f56bfc062723c751e8b465ee728b)
Start importing Assets/Shader1.shader using Guid(403cc7072cf5a5b4584e77b124d3ac4e) Importer(815301076,1909f56bfc062723c751e8b465ee728b)  -> (artifact id: 'd3358482d3e087afe1aca5b26c9cfa63') in 0.011866 seconds
  Import took 0.015076 seconds .

========================================================================
Received Import Request.
  Time since last request: 8887.051176 seconds.
  path: Assets/Shader1.shader
  artifactKey: Guid(403cc7072cf5a5b4584e77b124d3ac4e) Importer(815301076,1909f56bfc062723c751e8b465ee728b)
Start importing Assets/Shader1.shader using Guid(403cc7072cf5a5b4584e77b124d3ac4e) Importer(815301076,1909f56bfc062723c751e8b465ee728b)  -> (artifact id: '3d325c20969b45a893a4434d153f9c3d') in 0.007015 seconds
  Import took 0.010057 seconds .

========================================================================
Received Import Request.
  Time since last request: 0.661938 seconds.
  path: Assets
  artifactKey: Guid(00000000000000001000000000000000) Importer(815301076,1909f56bfc062723c751e8b465ee728b)
Start importing Assets using Guid(00000000000000001000000000000000) Importer(815301076,1909f56bfc062723c751e8b465ee728b)  -> (artifact id: 'b41cfa13f056e58f64cf5f3363de7353') in 0.010106 seconds
  Import took 0.012387 seconds .

========================================================================
Received Import Request.
  Time since last request: 5.435234 seconds.
  path: Assets/NewUnlitShader.shader
  artifactKey: Guid(006dcb4c28d215248b9ea73e1316ff75) Importer(815301076,1909f56bfc062723c751e8b465ee728b)
Start importing Assets/NewUnlitShader.shader using Guid(006dcb4c28d215248b9ea73e1316ff75) Importer(815301076,1909f56bfc062723c751e8b465ee728b)  -> (artifact id: '92d0d8bbc57fb012cfa9527c3c14f09a') in 0.010169 seconds
  Import took 0.012836 seconds .

========================================================================
Received Prepare
Registering precompiled user dll's ...
Registered in 0.001016 seconds.
Begin MonoManager ReloadAssembly
Native extension for WindowsStandalone target not found
Native extension for WebGL target not found
Refreshing native plugins compatible for Editor in 0.21 ms, found 0 plugins.
Preloading 0 native plugins for Editor in 0.00 ms.
Invoked RoslynAnalysisRunner static constructor.
RoslynAnalysisRunner will not be running.
RoslynAnalysisRunner has terminated.
Mono: successfully reloaded assembly
- Completed reload, in  0.903 seconds
Platform modules already initialized, skipping
Refreshing native plugins compatible for Editor in 0.28 ms, found 0 plugins.
Preloading 0 native plugins for Editor in 0.00 ms.
Unloading 1090 Unused Serialized files (Serialized files now loaded: 0)
System memory in use before: 56.1 MB.
System memory in use after: 56.1 MB.

Unloading 6 unused Assets to reduce memory usage. Loaded Objects now: 1536.
Total: 1.691600 ms (FindLiveObjects: 0.185600 ms CreateObjectMapping: 0.049600 ms MarkObjects: 1.356300 ms  DeleteObjects: 0.098900 ms)

